Arguments: 
  D:\nodejs\node.exe D:\nodejs\node_global\node_modules\yarn\bin\yarn.js install

PATH: 
  D:\java\jdk1.8.0_151\bin;D:\java\jdk1.8.0_151\jre\bin;C:\Program Files\Microsoft MPI\Bin\;D:\python2.7\Scripts\;D:\python2.7;E:\softcrt\secure fx\;D:\oracleXE\app\oracle\product\11.2.0\server\bin;C:\Windows\system32;C:\Windows;C:\Windows\System32\Wbem;C:\Windows\System32\WindowsPowerShell\v1.0\;E:\softcrt\TortoiseSVN\bin;C:\Program Files (x86)\NVIDIA Corporation\PhysX\Common;D:\oracleXE\app\oracle\product\11.2.0\server\bin;D:\git\Git\cmd;C:\Program Files\Microsoft SQL Server\120\Tools\Binn\;C:\Program Files\Microsoft SQL Server\130\Tools\Binn\;D:\maven3.5.2\bin;D:\tortoisegit\bin;C:\WINDOWS\system32;C:\WINDOWS;C:\WINDOWS\System32\Wbem;C:\WINDOWS\System32\WindowsPowerShell\v1.0\;D:\git\Git\cmd\git.exe;C:\Program Files (x86)\QuickTime\QTSystem\;D:\nodejs\node_global;;C:\WINDOWS\System32\OpenSSH\;D:\nodejs;D:\nodejs\node_global;D:\yarn\bin;C:\Users\sk\AppData\Local\Microsoft\WindowsApps;;d:\vscode\bin;C:\Users\sk\AppData\Roaming\npm;C:\Users\sk\AppData\Local\Yarn\bin

Yarn version: 
  1.7.0

Node version: 
  10.4.0

Platform: 
  win32 x64

Trace: 
  Error: EPERM: operation not permitted, mkdir 'H:\work-web\react\react-news-dva\node_modules\unset-value\node_modules'

npm manifest: 
  {
    "private": true,
    "scripts": {
      "start": "set PORT=8080&&roadhog server",
      "build": "roadhog build",
      "lint": "eslint --ext .js src test",
      "precommit": "npm run lint"
    },
    "dependencies": {
      "dva": "^2.3.1",
      "react": "^16.2.0",
      "react-dom": "^16.2.0"
    },
    "devDependencies": {
      "babel-plugin-dva-hmr": "^0.3.2",
      "eslint": "^4.14.0",
      "eslint-config-umi": "^0.1.1",
      "eslint-plugin-flowtype": "^2.34.1",
      "eslint-plugin-import": "^2.6.0",
      "eslint-plugin-jsx-a11y": "^5.1.1",
      "eslint-plugin-react": "^7.1.0",
      "husky": "^0.12.0",
      "redbox-react": "^1.4.3",
      "roadhog": "^2.0.0"
    }
  }

yarn manifest: 
  No manifest

Lockfile: 
  No lockfile
